<?xml version="1.0" encoding="UTF-8"?>
<!-- Generated by org.testng.reporters.JUnitReportReporter -->
<testsuite hostname="FULL192-PRT.local" name="testJenkins.NewTest" tests="1" failures="0" timestamp="14 Jul 2016 11:14:16 GMT" time="4.940" errors="0">
  <testcase name="f" time="4.940" classname="testJenkins.NewTest"/>
</testsuite> <!-- testJenkins.NewTest -->
